<?xml version="1.0" encoding="UTF-8"?>
<testsuite xmlns:xsi="http://www.w3.org/2001/XMLSchema-instance" xsi:noNamespaceSchemaLocation="https://maven.apache.org/surefire/maven-surefire-plugin/xsd/surefire-test-report-3.0.xsd" version="3.0" name="com.aws.carddemo.service.Cbtrn01cServiceTest" time="0.018" tests="199" errors="0" skipped="0" failures="0">
  <properties>
[...]
</properties>
  <testcase name="testScenario_100" classname="com.aws.carddemo.service.Cbtrn01cServiceTest" time="0.0"/>
  <testcase name="testScenario_101" classname="com.aws.carddemo.service.Cbtrn01cServiceTest" time="0.0"/>
  <testcase name="testScenario_102" classname="com.aws.carddemo.service.Cbtrn01cServiceTest" time="0.0"/>
  <testcase name="testScenario_103" classname="com.aws.carddemo.service.Cbtrn01cServiceTest" time="0.0"/>
  <testcase name="testScenario_104" classname="com.aws.carddemo.service.Cbtrn01cServiceTest" time="0.0"/>
  <testcase name="testScenario_105" classname="com.aws.carddemo.service.Cbtrn01cServiceTest" time="0.0"/>
  <testcase name="testScenario_106" classname="com.aws.carddemo.service.Cbtrn01cServiceTest" time="0.0"/>
  <testcase name="testScenario_107" classname="com.aws.carddemo.service.Cbtrn01cServiceTest" time="0.0"/>
  <testcase name="testScenario_108" classname="com.aws.carddemo.service.Cbtrn01cServiceTest" time="0.0"/>
  <testcase name="testScenario_109" classname="com.aws.carddemo.service.Cbtrn01cServiceTest" time="0.001"/>
  <testcase name="testScenario_110" classname="com.aws.carddemo.service.Cbtrn01cServiceTest" time="0.0"/>
  <testcase name="testScenario_111" classname="com.aws.carddemo.service.Cbtrn01cServiceTest" time="0.0"/>
  <testcase name="testScenario_112" classname="com.aws.carddemo.service.Cbtrn01cServiceTest" time="0.0"/>
  <testcase name="testScenario_113" classname="com.aws.carddemo.service.Cbtrn01cServiceTest" time="0.0"/>
  <testcase name="testScenario_114" classname="com.aws.carddemo.service.Cbtrn01cServiceTest" time="0.0"/>
  <testcase name="testScenario_115" classname="com.aws.carddemo.service.Cbtrn01cServiceTest" time="0.0"/>
  <testcase name="testScenario_116" classname="com.aws.carddemo.service.Cbtrn01cServiceTest" time="0.0"/>
  <testcase name="testScenario_117" classname="com.aws.carddemo.service.Cbtrn01cServiceTest" time="0.0"/>
  <testcase name="testScenario_118" classname="com.aws.carddemo.service.Cbtrn01cServiceTest" time="0.0"/>
  <testcase name="testScenario_119" classname="com.aws.carddemo.service.Cbtrn01cServiceTest" time="0.0"/>
  <testcase name="testScenario_120" classname="com.aws.carddemo.service.Cbtrn01cServiceTest" time="0.0"/>
  <testcase name="testScenario_121" classname="com.aws.carddemo.service.Cbtrn01cServiceTest" time="0.0"/>
  <testcase name="testScenario_122" classname="com.aws.carddemo.service.Cbtrn01cServiceTest" time="0.0"/>
  <testcase name="testScenario_123" classname="com.aws.carddemo.service.Cbtrn01cServiceTest" time="0.0"/>
  <testcase name="testScenario_124" classname="com.aws.carddemo.service.Cbtrn01cServiceTest" time="0.0"/>
  <testcase name="testScenario_125" classname="com.aws.carddemo.service.Cbtrn01cServiceTest" time="0.0"/>
  <testcase name="testScenario_126" classname="com.aws.carddemo.service.Cbtrn01cServiceTest" time="0.0"/>
  <testcase name="testScenario_127" classname="com.aws.carddemo.service.Cbtrn01cServiceTest" time="0.0"/>
  <testcase name="testScenario_128" classname="com.aws.carddemo.service.Cbtrn01cServiceTest" time="0.0"/>
  <testcase name="testScenario_129" classname="com.aws.carddemo.service.Cbtrn01cServiceTest" time="0.0"/>
  <testcase name="testScenario_130" classname="com.aws.carddemo.service.Cbtrn01cServiceTest" time="0.0"/>
  <testcase name="testScenario_131" classname="com.aws.carddemo.service.Cbtrn01cServiceTest" time="0.0"/>
  <testcase name="testScenario_132" classname="com.aws.carddemo.service.Cbtrn01cServiceTest" time="0.0"/>
  <testcase name="testScenario_133" classname="com.aws.carddemo.service.Cbtrn01cServiceTest" time="0.001"/>
  <testcase name="testScenario_134" classname="com.aws.carddemo.service.Cbtrn01cServiceTest" time="0.0"/>
  <testcase name="testScenario_135" classname="com.aws.carddemo.service.Cbtrn01cServiceTest" time="0.0"/>
  <testcase name="testScenario_136" classname="com.aws.carddemo.service.Cbtrn01cServiceTest" time="0.0"/>
  <testcase name="testScenario_137" classname="com.aws.carddemo.service.Cbtrn01cServiceTest" time="0.0"/>
  <testcase name="testScenario_138" classname="com.aws.carddemo.service.Cbtrn01cServiceTest" time="0.0"/>
  <testcase name="testScenario_139" classname="com.aws.carddemo.service.Cbtrn01cServiceTest" time="0.0"/>
  <testcase name="testScenario_140" classname="com.aws.carddemo.service.Cbtrn01cServiceTest" time="0.0"/>
  <testcase name="testScenario_141" classname="com.aws.carddemo.service.Cbtrn01cServiceTest" time="0.0"/>
  <testcase name="testScenario_142" classname="com.aws.carddemo.service.Cbtrn01cServiceTest" time="0.0"/>
  <testcase name="testScenario_143" classname="com.aws.carddemo.service.Cbtrn01cServiceTest" time="0.0"/>
  <testcase name="testScenario_144" classname="com.aws.carddemo.service.Cbtrn01cServiceTest" time="0.0"/>
  <testcase name="testScenario_145" classname="com.aws.carddemo.service.Cbtrn01cServiceTest" time="0.0"/>
  <testcase name="testScenario_146" classname="com.aws.carddemo.service.Cbtrn01cServiceTest" time="0.0"/>
  <testcase name="testScenario_147" classname="com.aws.carddemo.service.Cbtrn01cServiceTest" time="0.0"/>
  <testcase name="testScenario_148" classname="com.aws.carddemo.service.Cbtrn01cServiceTest" time="0.0"/>
  <testcase name="testScenario_149" classname="com.aws.carddemo.service.Cbtrn01cServiceTest" time="0.0"/>
  <testcase name="testScenario_150" classname="com.aws.carddemo.service.Cbtrn01cServiceTest" time="0.0"/>
  <testcase name="testScenario_151" classname="com.aws.carddemo.service.Cbtrn01cServiceTest" time="0.0"/>
  <testcase name="testScenario_152" classname="com.aws.carddemo.service.Cbtrn01cServiceTest" time="0.0"/>
  <testcase name="testScenario_153" classname="com.aws.carddemo.service.Cbtrn01cServiceTest" time="0.0"/>
  <testcase name="testScenario_154" classname="com.aws.carddemo.service.Cbtrn01cServiceTest" time="0.0"/>
  <testcase name="testScenario_155" classname="com.aws.carddemo.service.Cbtrn01cServiceTest" time="0.0"/>
  <testcase name="testScenario_156" classname="com.aws.carddemo.service.Cbtrn01cServiceTest" time="0.0"/>
  <testcase name="testScenario_157" classname="com.aws.carddemo.service.Cbtrn01cServiceTest" time="0.0"/>
  <testcase name="testScenario_158" classname="com.aws.carddemo.service.Cbtrn01cServiceTest" time="0.0"/>
  <testcase name="testScenario_159" classname="com.aws.carddemo.service.Cbtrn01cServiceTest" time="0.0"/>
  <testcase name="testScenario_160" classname="com.aws.carddemo.service.Cbtrn01cServiceTest" time="0.0"/>
  <testcase name="testScenario_161" classname="com.aws.carddemo.service.Cbtrn01cServiceTest" time="0.0"/>
  <testcase name="testScenario_162" classname="com.aws.carddemo.service.Cbtrn01cServiceTest" time="0.0"/>
  <testcase name="testScenario_163" classname="com.aws.carddemo.service.Cbtrn01cServiceTest" time="0.0"/>
  <testcase name="testScenario_164" classname="com.aws.carddemo.service.Cbtrn01cServiceTest" time="0.0"/>
  <testcase name="testScenario_165" classname="com.aws.carddemo.service.Cbtrn01cServiceTest" time="0.0"/>
  <testcase name="testScenario_166" classname="com.aws.carddemo.service.Cbtrn01cServiceTest" time="0.0"/>
  <testcase name="testScenario_167" classname="com.aws.carddemo.service.Cbtrn01cServiceTest" time="0.0"/>
  <testcase name="testScenario_168" classname="com.aws.carddemo.service.Cbtrn01cServiceTest" time="0.001"/>
  <testcase name="testScenario_169" classname="com.aws.carddemo.service.Cbtrn01cServiceTest" time="0.0"/>
  <testcase name="testScenario_170" classname="com.aws.carddemo.service.Cbtrn01cServiceTest" time="0.0"/>
  <testcase name="testScenario_171" classname="com.aws.carddemo.service.Cbtrn01cServiceTest" time="0.0"/>
  <testcase name="testScenario_172" classname="com.aws.carddemo.service.Cbtrn01cServiceTest" time="0.0"/>
  <testcase name="testScenario_173" classname="com.aws.carddemo.service.Cbtrn01cServiceTest" time="0.0"/>
  <testcase name="testScenario_174" classname="com.aws.carddemo.service.Cbtrn01cServiceTest" time="0.0"/>
  <testcase name="testScenario_175" classname="com.aws.carddemo.service.Cbtrn01cServiceTest" time="0.0"/>
  <testcase name="testScenario_176" classname="com.aws.carddemo.service.Cbtrn01cServiceTest" time="0.0"/>
  <testcase name="testScenario_177" classname="com.aws.carddemo.service.Cbtrn01cServiceTest" time="0.0"/>
  <testcase name="testScenario_178" classname="com.aws.carddemo.service.Cbtrn01cServiceTest" time="0.0"/>
  <testcase name="testScenario_179" classname="com.aws.carddemo.service.Cbtrn01cServiceTest" time="0.0"/>
  <testcase name="testScenario_180" classname="com.aws.carddemo.service.Cbtrn01cServiceTest" time="0.0"/>
  <testcase name="testScenario_181" classname="com.aws.carddemo.service.Cbtrn01cServiceTest" time="0.0"/>
  <testcase name="testScenario_182" classname="com.aws.carddemo.service.Cbtrn01cServiceTest" time="0.0"/>
  <testcase name="testScenario_183" classname="com.aws.carddemo.service.Cbtrn01cServiceTest" time="0.0"/>
  <testcase name="testScenario_184" classname="com.aws.carddemo.service.Cbtrn01cServiceTest" time="0.0"/>
  <testcase name="testScenario_185" classname="com.aws.carddemo.service.Cbtrn01cServiceTest" time="0.0"/>
  <testcase name="testScenario_186" classname="com.aws.carddemo.service.Cbtrn01cServiceTest" time="0.0"/>
  <testcase name="testScenario_187" classname="com.aws.carddemo.service.Cbtrn01cServiceTest" time="0.0"/>
  <testcase name="testScenario_188" classname="com.aws.carddemo.service.Cbtrn01cServiceTest" time="0.0"/>
  <testcase name="testScenario_189" classname="com.aws.carddemo.service.Cbtrn01cServiceTest" time="0.0"/>
  <testcase name="testScenario_190" classname="com.aws.carddemo.service.Cbtrn01cServiceTest" time="0.001"/>
  <testcase name="testScenario_191" classname="com.aws.carddemo.service.Cbtrn01cServiceTest" time="0.0"/>
  <testcase name="testScenario_192" classname="com.aws.carddemo.service.Cbtrn01cServiceTest" time="0.0"/>
  <testcase name="testScenario_193" classname="com.aws.carddemo.service.Cbtrn01cServiceTest" time="0.0"/>
  <testcase name="testScenario_194" classname="com.aws.carddemo.service.Cbtrn01cServiceTest" time="0.0"/>
  <testcase name="testScenario_195" classname="com.aws.carddemo.service.Cbtrn01cServiceTest" time="0.0"/>
  <testcase name="testScenario_196" classname="com.aws.carddemo.service.Cbtrn01cServiceTest" time="0.0"/>
  <testcase name="testScenario_197" classname="com.aws.carddemo.service.Cbtrn01cServiceTest" time="0.0"/>
  <testcase name="testScenario_198" classname="com.aws.carddemo.service.Cbtrn01cServiceTest" time="0.0"/>
  <testcase name="testScenario_199" classname="com.aws.carddemo.service.Cbtrn01cServiceTest" time="0.0"/>
  <testcase name="testScenario_10" classname="com.aws.carddemo.service.Cbtrn01cServiceTest" time="0.0"/>
  <testcase name="testScenario_11" classname="com.aws.carddemo.service.Cbtrn01cServiceTest" time="0.0"/>
  <testcase name="testScenario_12" classname="com.aws.carddemo.service.Cbtrn01cServiceTest" time="0.0"/>
  <testcase name="testScenario_13" classname="com.aws.carddemo.service.Cbtrn01cServiceTest" time="0.0"/>
  <testcase name="testScenario_14" classname="com.aws.carddemo.service.Cbtrn01cServiceTest" time="0.0"/>
  <testcase name="testScenario_15" classname="com.aws.carddemo.service.Cbtrn01cServiceTest" time="0.0"/>
  <testcase name="testScenario_16" classname="com.aws.carddemo.service.Cbtrn01cServiceTest" time="0.0"/>
  <testcase name="testScenario_17" classname="com.aws.carddemo.service.Cbtrn01cServiceTest" time="0.0"/>
  <testcase name="testScenario_18" classname="com.aws.carddemo.service.Cbtrn01cServiceTest" time="0.0"/>
  <testcase name="testScenario_19" classname="com.aws.carddemo.service.Cbtrn01cServiceTest" time="0.0"/>
  <testcase name="testScenario_20" classname="com.aws.carddemo.service.Cbtrn01cServiceTest" time="0.0"/>
  <testcase name="testScenario_21" classname="com.aws.carddemo.service.Cbtrn01cServiceTest" time="0.0"/>
  <testcase name="testScenario_22" classname="com.aws.carddemo.service.Cbtrn01cServiceTest" time="0.001"/>
  <testcase name="testScenario_23" classname="com.aws.carddemo.service.Cbtrn01cServiceTest" time="0.0"/>
  <testcase name="testScenario_24" classname="com.aws.carddemo.service.Cbtrn01cServiceTest" time="0.0"/>
  <testcase name="testScenario_25" classname="com.aws.carddemo.service.Cbtrn01cServiceTest" time="0.0"/>
  <testcase name="testScenario_26" classname="com.aws.carddemo.service.Cbtrn01cServiceTest" time="0.0"/>
  <testcase name="testScenario_27" classname="com.aws.carddemo.service.Cbtrn01cServiceTest" time="0.0"/>
  <testcase name="testScenario_28" classname="com.aws.carddemo.service.Cbtrn01cServiceTest" time="0.0"/>
  <testcase name="testScenario_29" classname="com.aws.carddemo.service.Cbtrn01cServiceTest" time="0.0"/>
  <testcase name="testScenario_30" classname="com.aws.carddemo.service.Cbtrn01cServiceTest" time="0.0"/>
  <testcase name="testScenario_31" classname="com.aws.carddemo.service.Cbtrn01cServiceTest" time="0.0"/>
  <testcase name="testScenario_32" classname="com.aws.carddemo.service.Cbtrn01cServiceTest" time="0.0"/>
  <testcase name="testScenario_33" classname="com.aws.carddemo.service.Cbtrn01cServiceTest" time="0.0"/>
  <testcase name="testScenario_34" classname="com.aws.carddemo.service.Cbtrn01cServiceTest" time="0.0"/>
  <testcase name="testScenario_35" classname="com.aws.carddemo.service.Cbtrn01cServiceTest" time="0.0"/>
  <testcase name="testScenario_36" classname="com.aws.carddemo.service.Cbtrn01cServiceTest" time="0.0"/>
  <testcase name="testScenario_37" classname="com.aws.carddemo.service.Cbtrn01cServiceTest" time="0.0"/>
  <testcase name="testScenario_38" classname="com.aws.carddemo.service.Cbtrn01cServiceTest" time="0.0"/>
  <testcase name="testScenario_39" classname="com.aws.carddemo.service.Cbtrn01cServiceTest" time="0.0"/>
  <testcase name="testScenario_40" classname="com.aws.carddemo.service.Cbtrn01cServiceTest" time="0.0"/>
  <testcase name="testScenario_41" classname="com.aws.carddemo.service.Cbtrn01cServiceTest" time="0.001"/>
  <testcase name="testScenario_42" classname="com.aws.carddemo.service.Cbtrn01cServiceTest" time="0.0"/>
  <testcase name="testScenario_43" classname="com.aws.carddemo.service.Cbtrn01cServiceTest" time="0.0"/>
  <testcase name="testScenario_44" classname="com.aws.carddemo.service.Cbtrn01cServiceTest" time="0.0"/>
  <testcase name="testScenario_45" classname="com.aws.carddemo.service.Cbtrn01cServiceTest" time="0.0"/>
  <testcase name="testScenario_46" classname="com.aws.carddemo.service.Cbtrn01cServiceTest" time="0.0"/>
  <testcase name="testScenario_47" classname="com.aws.carddemo.service.Cbtrn01cServiceTest" time="0.0"/>
  <testcase name="testScenario_48" classname="com.aws.carddemo.service.Cbtrn01cServiceTest" time="0.0"/>
  <testcase name="testScenario_49" classname="com.aws.carddemo.service.Cbtrn01cServiceTest" time="0.0"/>
  <testcase name="testScenario_50" classname="com.aws.carddemo.service.Cbtrn01cServiceTest" time="0.0"/>
  <testcase name="testScenario_51" classname="com.aws.carddemo.service.Cbtrn01cServiceTest" time="0.0"/>
  <testcase name="testScenario_52" classname="com.aws.carddemo.service.Cbtrn01cServiceTest" time="0.0"/>
  <testcase name="testScenario_53" classname="com.aws.carddemo.service.Cbtrn01cServiceTest" time="0.001"/>
  <testcase name="testScenario_54" classname="com.aws.carddemo.service.Cbtrn01cServiceTest" time="0.0"/>
  <testcase name="testScenario_55" classname="com.aws.carddemo.service.Cbtrn01cServiceTest" time="0.0"/>
  <testcase name="testScenario_56" classname="com.aws.carddemo.service.Cbtrn01cServiceTest" time="0.0"/>
  <testcase name="testScenario_57" classname="com.aws.carddemo.service.Cbtrn01cServiceTest" time="0.0"/>
  <testcase name="testScenario_58" classname="com.aws.carddemo.service.Cbtrn01cServiceTest" time="0.0"/>
  <testcase name="testScenario_59" classname="com.aws.carddemo.service.Cbtrn01cServiceTest" time="0.0"/>
  <testcase name="testScenario_60" classname="com.aws.carddemo.service.Cbtrn01cServiceTest" time="0.0"/>
  <testcase name="testScenario_61" classname="com.aws.carddemo.service.Cbtrn01cServiceTest" time="0.0"/>
  <testcase name="testScenario_62" classname="com.aws.carddemo.service.Cbtrn01cServiceTest" time="0.0"/>
  <testcase name="testScenario_63" classname="com.aws.carddemo.service.Cbtrn01cServiceTest" time="0.0"/>
  <testcase name="testScenario_64" classname="com.aws.carddemo.service.Cbtrn01cServiceTest" time="0.001"/>
  <testcase name="testScenario_65" classname="com.aws.carddemo.service.Cbtrn01cServiceTest" time="0.0"/>
  <testcase name="testScenario_66" classname="com.aws.carddemo.service.Cbtrn01cServiceTest" time="0.0"/>
  <testcase name="testScenario_67" classname="com.aws.carddemo.service.Cbtrn01cServiceTest" time="0.0"/>
  <testcase name="testScenario_68" classname="com.aws.carddemo.service.Cbtrn01cServiceTest" time="0.0"/>
  <testcase name="testScenario_69" classname="com.aws.carddemo.service.Cbtrn01cServiceTest" time="0.0"/>
  <testcase name="testScenario_70" classname="com.aws.carddemo.service.Cbtrn01cServiceTest" time="0.0"/>
  <testcase name="testScenario_71" classname="com.aws.carddemo.service.Cbtrn01cServiceTest" time="0.0"/>
  <testcase name="testScenario_72" classname="com.aws.carddemo.service.Cbtrn01cServiceTest" time="0.0"/>
  <testcase name="testScenario_73" classname="com.aws.carddemo.service.Cbtrn01cServiceTest" time="0.0"/>
  <testcase name="testScenario_74" classname="com.aws.carddemo.service.Cbtrn01cServiceTest" time="0.0"/>
  <testcase name="testScenario_75" classname="com.aws.carddemo.service.Cbtrn01cServiceTest" time="0.0"/>
  <testcase name="testScenario_76" classname="com.aws.carddemo.service.Cbtrn01cServiceTest" time="0.0"/>
  <testcase name="testScenario_77" classname="com.aws.carddemo.service.Cbtrn01cServiceTest" time="0.0"/>
  <testcase name="testScenario_78" classname="com.aws.carddemo.service.Cbtrn01cServiceTest" time="0.0"/>
  <testcase name="testScenario_79" classname="com.aws.carddemo.service.Cbtrn01cServiceTest" time="0.0"/>
  <testcase name="testScenario_80" classname="com.aws.carddemo.service.Cbtrn01cServiceTest" time="0.0"/>
  <testcase name="testScenario_81" classname="com.aws.carddemo.service.Cbtrn01cServiceTest" time="0.0"/>
  <testcase name="testScenario_82" classname="com.aws.carddemo.service.Cbtrn01cServiceTest" time="0.0"/>
  <testcase name="testScenario_83" classname="com.aws.carddemo.service.Cbtrn01cServiceTest" time="0.0"/>
  <testcase name="testScenario_84" classname="com.aws.carddemo.service.Cbtrn01cServiceTest" time="0.0"/>
  <testcase name="testScenario_85" classname="com.aws.carddemo.service.Cbtrn01cServiceTest" time="0.0"/>
  <testcase name="testScenario_86" classname="com.aws.carddemo.service.Cbtrn01cServiceTest" time="0.0"/>
  <testcase name="testScenario_87" classname="com.aws.carddemo.service.Cbtrn01cServiceTest" time="0.001"/>
  <testcase name="testScenario_88" classname="com.aws.carddemo.service.Cbtrn01cServiceTest" time="0.0"/>
  <testcase name="testScenario_89" classname="com.aws.carddemo.service.Cbtrn01cServiceTest" time="0.0"/>
  <testcase name="testScenario_90" classname="com.aws.carddemo.service.Cbtrn01cServiceTest" time="0.0"/>
  <testcase name="testScenario_91" classname="com.aws.carddemo.service.Cbtrn01cServiceTest" time="0.0"/>
  <testcase name="testScenario_92" classname="com.aws.carddemo.service.Cbtrn01cServiceTest" time="0.0"/>
  <testcase name="testScenario_93" classname="com.aws.carddemo.service.Cbtrn01cServiceTest" time="0.0"/>
  <testcase name="testScenario_94" classname="com.aws.carddemo.service.Cbtrn01cServiceTest" time="0.0"/>
  <testcase name="testScenario_95" classname="com.aws.carddemo.service.Cbtrn01cServiceTest" time="0.0"/>
  <testcase name="testScenario_96" classname="com.aws.carddemo.service.Cbtrn01cServiceTest" time="0.0"/>
  <testcase name="testScenario_97" classname="com.aws.carddemo.service.Cbtrn01cServiceTest" time="0.0"/>
  <testcase name="testScenario_98" classname="com.aws.carddemo.service.Cbtrn01cServiceTest" time="0.0"/>
  <testcase name="testScenario_99" classname="com.aws.carddemo.service.Cbtrn01cServiceTest" time="0.001"/>
  <testcase name="testScenario_1" classname="com.aws.carddemo.service.Cbtrn01cServiceTest" time="0.0"/>
  <testcase name="testScenario_2" classname="com.aws.carddemo.service.Cbtrn01cServiceTest" time="0.0"/>
  <testcase name="testScenario_3" classname="com.aws.carddemo.service.Cbtrn01cServiceTest" time="0.0"/>
  <testcase name="testScenario_4" classname="com.aws.carddemo.service.Cbtrn01cServiceTest" time="0.0"/>
  <testcase name="testScenario_5" classname="com.aws.carddemo.service.Cbtrn01cServiceTest" time="0.0"/>
  <testcase name="testScenario_6" classname="com.aws.carddemo.service.Cbtrn01cServiceTest" time="0.0"/>
  <testcase name="testScenario_7" classname="com.aws.carddemo.service.Cbtrn01cServiceTest" time="0.0"/>
  <testcase name="testScenario_8" classname="com.aws.carddemo.service.Cbtrn01cServiceTest" time="0.0"/>
  <testcase name="testScenario_9" classname="com.aws.carddemo.service.Cbtrn01cServiceTest" time="0.0"/>
</testsuite>